04/25/2025 11:37:36 AM [info]: raja@gmail.com loggend in
04/25/2025 11:37:50 AM [info]: raja@gmail.com loggend in
04/25/2025 11:38:00 AM [info]: gokulhk278@gmail.com loggend in
04/25/2025 1:41:57 PM [error]: LoginService ERROR: relation "public.Users" does not exist (SQLSTATE 42P01)
04/25/2025 3:08:11 PM [error]: LoginService ERROR: relation "public.refAuthDomain" does not exist (SQLSTATE 42P01)
04/25/2025 3:23:13 PM [error]: LoginService expected 1 arguments, got 0
04/25/2025 3:24:20 PM [error]: LoginService expected 1 arguments, got 0
04/25/2025 3:48:25 PM [info]: 9842653415 loggend in
04/25/2025 4:22:35 PM [info]: LoginService Logined Successfully for Username: 9842653415
04/25/2025 4:23:28 PM [info]: LoginService Logined Successfully for Username: 9842653415
04/25/2025 4:23:44 PM [info]: LoginService Logined Successfully for Username: 9842653415
04/25/2025 4:24:36 PM [info]: LoginService Logined Successfully for Username: 9842653415
04/25/2025 4:30:03 PM [info]: LoginService Logined Successfully for Username: 9842653415
04/25/2025 4:33:25 PM [info]: LoginService Logined Successfully for Username: 9842653415
04/25/2025 4:33:25 PM [error]: LoginService INSERT ERROR at Trnasaction: ERROR: relation "refTransHistory" does not exist (SQLSTATE 42P01)
04/25/2025 4:36:34 PM [info]: LoginService Logined Successfully for Username: 9842653415
04/25/2025 4:36:34 PM [error]: LoginService INSERT ERROR at Trnasaction: ERROR: relation "refTransHistory" does not exist (SQLSTATE 42P01)
04/25/2025 4:37:30 PM [info]: LoginService Logined Successfully for Username: 9842653415
04/25/2025 4:37:30 PM [error]: LoginService INSERT ERROR at Trnasaction: ERROR: relation "refTransHistory" does not exist (SQLSTATE 42P01)
04/25/2025 4:38:56 PM [info]: LoginService Logined Successfully for Username: 9842653415
04/25/2025 4:38:56 PM [error]: LoginService INSERT ERROR at Trnasaction: ERROR: invalid input syntax for type date: "WgxoeJDwQim2mewtep5OD31wFlIrYTw/J+gwJGzW5BCOjvfGWTz45LoVh0luj0cLpLw=" (SQLSTATE 22007)
04/25/2025 4:39:47 PM [info]: LoginService Logined Successfully for Username: 9842653415
04/25/2025 4:42:41 PM [info]: LoginService Logined Successfully for Username: 9842653415
04/25/2025 4:44:44 PM [info]: LoginService Logined Successfully for Username: 9842653415
04/25/2025 4:45:55 PM [warning]: LoginService Invalid Credentials(p) for Username: 9842653415
04/25/2025 4:47:17 PM [warning]: LoginService Invalid Credentials(p) for Username: 9842653415
04/25/2025 4:47:45 PM [warning]: LoginService Invalid Credentials(p) for Username: 9842653415
04/25/2025 4:49:05 PM [warning]: LoginService Invalid Credentials(p) for Username: 9842653415
04/25/2025 4:49:09 PM [info]: LoginService Logined Successfully for Username: 9842653415
04/25/2025 4:49:13 PM [warning]: LoginService Invalid Credentials(p) for Username: 9842653415
04/25/2025 4:51:59 PM [warning]: LoginService Invalid Credentials(p) for Username: 9842653415
04/25/2025 4:52:04 PM [info]: LoginService Logined Successfully for Username: 9842653415
04/25/2025 4:53:40 PM [warning]: LoginService Invalid Credentials(p) for Username: 9842653415
04/25/2025 4:55:44 PM [info]: LoginService Logined Successfully for Username: 9842653415
